app/build/intermediates/manifest_merge_blame_file/debug/manifest-merger-blame-debug-report.txt
1<?xml version="1.0" encoding="utf-8"?>
2<manifest xmlns:android="http://schemas.android.com/apk/res/android"
3    package="com.taskcombo.unirty"
4    android:versionCode="1"
5    android:versionName="1.0" >
6
7    <uses-sdk
8        android:minSdkVersion="21"
8-->src\main\AndroidManifest.xml
9        android:targetSdkVersion="33" />
9-->src\main\AndroidManifest.xml
10
11    <uses-permission android:name="android.permission.INTERNET" />
11-->[:Librarys] AndroidManifest.xml:9:5-67
11-->[:Librarys] AndroidManifest.xml:9:22-64
12    <uses-permission android:name="android.permission.ACCESS_NETWORK_STATE" />
12-->[:Librarys] AndroidManifest.xml:10:5-79
12-->[:Librarys] AndroidManifest.xml:10:22-76
13    <uses-permission android:name="android.permission.ACCESS_WIFI_STATE" /> <!-- Create a unique permission for your app and use it so only your app can receive your OneSignal messages. -->
13-->[:Librarys] AndroidManifest.xml:11:5-76
13-->[:Librarys] AndroidManifest.xml:11:22-73
14    <permission
14-->[com.onesignal:OneSignal:4.8.4] AndroidManifest.xml:7:5-9:47
15        android:name="com.taskcombo.unirty.permission.C2D_MESSAGE"
15-->[com.onesignal:OneSignal:4.8.4] AndroidManifest.xml:8:9-63
16        android:protectionLevel="signature" />
16-->[com.onesignal:OneSignal:4.8.4] AndroidManifest.xml:9:9-44
17
18    <uses-permission android:name="com.taskcombo.unirty.permission.C2D_MESSAGE" /> <!-- OneSignal SDK has runtime checks Android version. -->
18-->[com.onesignal:OneSignal:4.8.4] AndroidManifest.xml:11:5-79
18-->[com.onesignal:OneSignal:4.8.4] AndroidManifest.xml:11:22-76
19    <!-- <uses-sdk tools:overrideLibrary="android.support.customtabs"/> -->
20    <!-- Required runtime permission to display notifications on Android 13 -->
21    <uses-permission android:name="android.permission.POST_NOTIFICATIONS" /> <!-- c2dm RECEIVE are basic requirements for push messages through Google's FCM -->
21-->[com.onesignal:OneSignal:4.8.4] AndroidManifest.xml:16:5-77
21-->[com.onesignal:OneSignal:4.8.4] AndroidManifest.xml:16:22-74
22    <uses-permission android:name="com.google.android.c2dm.permission.RECEIVE" /> <!-- Required, makes sure notifications are delivered on time. -->
22-->[com.onesignal:OneSignal:4.8.4] AndroidManifest.xml:18:5-82
22-->[com.onesignal:OneSignal:4.8.4] AndroidManifest.xml:18:22-79
23    <uses-permission android:name="android.permission.WAKE_LOCK" />
23-->[com.onesignal:OneSignal:4.8.4] AndroidManifest.xml:19:5-68
23-->[com.onesignal:OneSignal:4.8.4] AndroidManifest.xml:19:22-65
24    <!--
25 Required so the device vibrates on receiving a push notification.
26         Vibration settings of the device still apply.
27    -->
28    <uses-permission android:name="android.permission.VIBRATE" />
28-->[com.onesignal:OneSignal:4.8.4] AndroidManifest.xml:24:5-66
28-->[com.onesignal:OneSignal:4.8.4] AndroidManifest.xml:24:22-63
29    <!--
30 Use to restore notifications the user hasn't interacted with.
31         They could be missed notifications if the user reboots their device if this isn't in place.
32    -->
33    <uses-permission android:name="android.permission.RECEIVE_BOOT_COMPLETED" /> <!-- START: ShortcutBadger -->
33-->[com.onesignal:OneSignal:4.8.4] AndroidManifest.xml:30:5-81
33-->[com.onesignal:OneSignal:4.8.4] AndroidManifest.xml:30:22-78
34    <!-- Samsung -->
35    <uses-permission android:name="com.sec.android.provider.badge.permission.READ" />
35-->[com.onesignal:OneSignal:4.8.4] AndroidManifest.xml:32:5-86
35-->[com.onesignal:OneSignal:4.8.4] AndroidManifest.xml:32:22-83
36    <uses-permission android:name="com.sec.android.provider.badge.permission.WRITE" /> <!-- HTC -->
36-->[com.onesignal:OneSignal:4.8.4] AndroidManifest.xml:33:5-87
36-->[com.onesignal:OneSignal:4.8.4] AndroidManifest.xml:33:22-84
37    <uses-permission android:name="com.htc.launcher.permission.READ_SETTINGS" />
37-->[com.onesignal:OneSignal:4.8.4] AndroidManifest.xml:34:5-81
37-->[com.onesignal:OneSignal:4.8.4] AndroidManifest.xml:34:22-78
38    <uses-permission android:name="com.htc.launcher.permission.UPDATE_SHORTCUT" /> <!-- Sony -->
38-->[com.onesignal:OneSignal:4.8.4] AndroidManifest.xml:35:5-83
38-->[com.onesignal:OneSignal:4.8.4] AndroidManifest.xml:35:22-80
39    <uses-permission android:name="com.sonyericsson.home.permission.BROADCAST_BADGE" />
39-->[com.onesignal:OneSignal:4.8.4] AndroidManifest.xml:36:5-88
39-->[com.onesignal:OneSignal:4.8.4] AndroidManifest.xml:36:22-85
40    <uses-permission android:name="com.sonymobile.home.permission.PROVIDER_INSERT_BADGE" /> <!-- Apex -->
40-->[com.onesignal:OneSignal:4.8.4] AndroidManifest.xml:37:5-92
40-->[com.onesignal:OneSignal:4.8.4] AndroidManifest.xml:37:22-89
41    <uses-permission android:name="com.anddoes.launcher.permission.UPDATE_COUNT" /> <!-- Solid -->
41-->[com.onesignal:OneSignal:4.8.4] AndroidManifest.xml:38:5-84
41-->[com.onesignal:OneSignal:4.8.4] AndroidManifest.xml:38:22-81
42    <uses-permission android:name="com.majeur.launcher.permission.UPDATE_BADGE" /> <!-- Huawei -->
42-->[com.onesignal:OneSignal:4.8.4] AndroidManifest.xml:39:5-83
42-->[com.onesignal:OneSignal:4.8.4] AndroidManifest.xml:39:22-80
43    <uses-permission android:name="com.huawei.android.launcher.permission.CHANGE_BADGE" />
43-->[com.onesignal:OneSignal:4.8.4] AndroidManifest.xml:40:5-91
43-->[com.onesignal:OneSignal:4.8.4] AndroidManifest.xml:40:22-88
44    <uses-permission android:name="com.huawei.android.launcher.permission.READ_SETTINGS" />
44-->[com.onesignal:OneSignal:4.8.4] AndroidManifest.xml:41:5-92
44-->[com.onesignal:OneSignal:4.8.4] AndroidManifest.xml:41:22-89
45    <uses-permission android:name="com.huawei.android.launcher.permission.WRITE_SETTINGS" /> <!-- ZUK -->
45-->[com.onesignal:OneSignal:4.8.4] AndroidManifest.xml:42:5-93
45-->[com.onesignal:OneSignal:4.8.4] AndroidManifest.xml:42:22-90
46    <uses-permission android:name="android.permission.READ_APP_BADGE" /> <!-- OPPO -->
46-->[com.onesignal:OneSignal:4.8.4] AndroidManifest.xml:43:5-73
46-->[com.onesignal:OneSignal:4.8.4] AndroidManifest.xml:43:22-70
47    <uses-permission android:name="com.oppo.launcher.permission.READ_SETTINGS" />
47-->[com.onesignal:OneSignal:4.8.4] AndroidManifest.xml:44:5-82
47-->[com.onesignal:OneSignal:4.8.4] AndroidManifest.xml:44:22-79
48    <uses-permission android:name="com.oppo.launcher.permission.WRITE_SETTINGS" /> <!-- EvMe -->
48-->[com.onesignal:OneSignal:4.8.4] AndroidManifest.xml:45:5-83
48-->[com.onesignal:OneSignal:4.8.4] AndroidManifest.xml:45:22-80
49    <uses-permission android:name="me.everything.badger.permission.BADGE_COUNT_READ" />
49-->[com.onesignal:OneSignal:4.8.4] AndroidManifest.xml:46:5-88
49-->[com.onesignal:OneSignal:4.8.4] AndroidManifest.xml:46:22-85
50    <uses-permission android:name="me.everything.badger.permission.BADGE_COUNT_WRITE" />
50-->[com.onesignal:OneSignal:4.8.4] AndroidManifest.xml:47:5-89
50-->[com.onesignal:OneSignal:4.8.4] AndroidManifest.xml:47:22-86
51    <uses-permission android:name="android.permission.FOREGROUND_SERVICE" />
51-->[com.github.AnchorFreePartner.hydra-sdk-android:sdk-core:3.6.3] AndroidManifest.xml:13:5-77
51-->[com.github.AnchorFreePartner.hydra-sdk-android:sdk-core:3.6.3] AndroidManifest.xml:13:22-74
52
53    <queries>
53-->[com.facebook.android:audience-network-sdk:6.12.0] AndroidManifest.xml:11:5-13:15
54        <package android:name="com.facebook.katana" />
54-->[com.facebook.android:audience-network-sdk:6.12.0] AndroidManifest.xml:12:9-55
54-->[com.facebook.android:audience-network-sdk:6.12.0] AndroidManifest.xml:12:18-52
55        <!-- For browser content -->
56        <intent>
56-->[com.google.android.gms:play-services-ads-lite:21.2.0] AndroidManifest.xml:31:9-37:18
57            <action android:name="android.intent.action.VIEW" />
57-->[com.onesignal:OneSignal:4.8.4] AndroidManifest.xml:77:17-69
57-->[com.onesignal:OneSignal:4.8.4] AndroidManifest.xml:77:25-66
58
59            <category android:name="android.intent.category.BROWSABLE" />
59-->[com.google.android.gms:play-services-ads-lite:21.2.0] AndroidManifest.xml:34:13-74
59-->[com.google.android.gms:play-services-ads-lite:21.2.0] AndroidManifest.xml:34:23-71
60
61            <data android:scheme="https" />
61-->[com.google.android.gms:play-services-ads-lite:21.2.0] AndroidManifest.xml:36:13-44
61-->[com.google.android.gms:play-services-ads-lite:21.2.0] AndroidManifest.xml:36:19-41
62        </intent> <!-- End of browser content -->
63        <!-- For CustomTabsService -->
64        <intent>
64-->[com.google.android.gms:play-services-ads-lite:21.2.0] AndroidManifest.xml:40:9-42:18
65            <action android:name="android.support.customtabs.action.CustomTabsService" />
65-->[com.google.android.gms:play-services-ads-lite:21.2.0] AndroidManifest.xml:41:13-90
65-->[com.google.android.gms:play-services-ads-lite:21.2.0] AndroidManifest.xml:41:21-87
66        </intent>
67    </queries>
68
69    <uses-permission android:name="com.google.android.gms.permission.AD_ID" />
69-->[com.facebook.android:audience-network-sdk:6.12.0] AndroidManifest.xml:17:5-79
69-->[com.facebook.android:audience-network-sdk:6.12.0] AndroidManifest.xml:17:22-76
70
71    <application
71-->src\main\AndroidManifest.xml:6:5-27:19
72        android:name="com.taskcombo.unirty.MyApplicationclass"
72-->src\main\AndroidManifest.xml:7:9-43
73        android:allowBackup="true"
73-->src\main\AndroidManifest.xml:8:9-35
74        android:appComponentFactory="androidx.core.app.CoreComponentFactory"
74-->[androidx.core:core:1.8.0] AndroidManifest.xml:24:18-86
75        android:dataExtractionRules="@xml/data_extraction_rules"
75-->src\main\AndroidManifest.xml:9:9-65
76        android:debuggable="true"
77        android:fullBackupContent="@xml/backup_rules"
77-->src\main\AndroidManifest.xml:10:9-54
78        android:icon="@drawable/logo"
78-->src\main\AndroidManifest.xml:11:9-38
79        android:label="@string/app_name"
79-->src\main\AndroidManifest.xml:12:9-41
80        android:networkSecurityConfig="@xml/sdk_captive_portal_network_security"
80-->[com.github.AnchorFreePartner.hydra-sdk-android:sdk-core:3.6.3] AndroidManifest.xml:16:9-81
81        android:roundIcon="@drawable/logo"
81-->src\main\AndroidManifest.xml:13:9-43
82        android:supportsRtl="true"
82-->src\main\AndroidManifest.xml:14:9-35
83        android:testOnly="true"
84        android:theme="@style/Theme.AppCompat.Light.NoActionBar" >
84-->src\main\AndroidManifest.xml:15:9-65
85        <activity
85-->src\main\AndroidManifest.xml:18:9-26:20
86            android:name="com.taskcombo.unirty.MActivity"
86-->src\main\AndroidManifest.xml:19:13-38
87            android:exported="true" >
87-->src\main\AndroidManifest.xml:20:13-36
88            <intent-filter>
88-->src\main\AndroidManifest.xml:21:13-25:29
89                <action android:name="android.intent.action.MAIN" />
89-->src\main\AndroidManifest.xml:22:17-69
89-->src\main\AndroidManifest.xml:22:25-66
90
91                <category android:name="android.intent.category.LAUNCHER" />
91-->src\main\AndroidManifest.xml:24:17-77
91-->src\main\AndroidManifest.xml:24:27-74
92            </intent-filter>
93        </activity>
94
95        <meta-data
95-->[:Librarys] AndroidManifest.xml:19:9-21:36
96            android:name="com.google.android.gms.ads.AD_MANAGER_APP"
96-->[:Librarys] AndroidManifest.xml:20:13-69
97            android:value="true" />
97-->[:Librarys] AndroidManifest.xml:21:13-33
98
99        <receiver
99-->[com.onesignal:OneSignal:4.8.4] AndroidManifest.xml:50:9-61:20
100            android:name="com.onesignal.FCMBroadcastReceiver"
100-->[com.onesignal:OneSignal:4.8.4] AndroidManifest.xml:51:13-62
101            android:exported="true"
101-->[com.onesignal:OneSignal:4.8.4] AndroidManifest.xml:52:13-36
102            android:permission="com.google.android.c2dm.permission.SEND" >
102-->[com.onesignal:OneSignal:4.8.4] AndroidManifest.xml:53:13-73
103
104            <!-- High priority so OneSignal payloads can be filtered from other FCM receivers -->
105            <intent-filter android:priority="999" >
105-->[com.onesignal:OneSignal:4.8.4] AndroidManifest.xml:56:13-60:29
105-->[com.onesignal:OneSignal:4.8.4] AndroidManifest.xml:56:28-50
106                <action android:name="com.google.android.c2dm.intent.RECEIVE" />
106-->[com.onesignal:OneSignal:4.8.4] AndroidManifest.xml:57:17-81
106-->[com.onesignal:OneSignal:4.8.4] AndroidManifest.xml:57:25-78
107
108                <category android:name="com.taskcombo.unirty" />
108-->[com.onesignal:OneSignal:4.8.4] AndroidManifest.xml:59:17-61
108-->[com.onesignal:OneSignal:4.8.4] AndroidManifest.xml:59:27-58
109            </intent-filter>
110        </receiver>
111
112        <service
112-->[com.onesignal:OneSignal:4.8.4] AndroidManifest.xml:63:9-69:19
113            android:name="com.onesignal.HmsMessageServiceOneSignal"
113-->[com.onesignal:OneSignal:4.8.4] AndroidManifest.xml:64:13-68
114            android:exported="false" >
114-->[com.onesignal:OneSignal:4.8.4] AndroidManifest.xml:65:13-37
115            <intent-filter>
115-->[com.onesignal:OneSignal:4.8.4] AndroidManifest.xml:66:13-68:29
116                <action android:name="com.huawei.push.action.MESSAGING_EVENT" />
116-->[com.onesignal:OneSignal:4.8.4] AndroidManifest.xml:67:17-81
116-->[com.onesignal:OneSignal:4.8.4] AndroidManifest.xml:67:25-78
117            </intent-filter>
118        </service>
119
120        <activity
120-->[com.onesignal:OneSignal:4.8.4] AndroidManifest.xml:71:9-79:20
121            android:name="com.onesignal.NotificationOpenedActivityHMS"
121-->[com.onesignal:OneSignal:4.8.4] AndroidManifest.xml:72:13-71
122            android:exported="true"
122-->[com.onesignal:OneSignal:4.8.4] AndroidManifest.xml:73:13-36
123            android:noHistory="true"
123-->[com.onesignal:OneSignal:4.8.4] AndroidManifest.xml:74:13-37
124            android:theme="@android:style/Theme.Translucent.NoTitleBar" >
124-->[com.onesignal:OneSignal:4.8.4] AndroidManifest.xml:75:13-72
125            <intent-filter>
125-->[com.onesignal:OneSignal:4.8.4] AndroidManifest.xml:76:13-78:29
126                <action android:name="android.intent.action.VIEW" />
126-->[com.onesignal:OneSignal:4.8.4] AndroidManifest.xml:77:17-69
126-->[com.onesignal:OneSignal:4.8.4] AndroidManifest.xml:77:25-66
127            </intent-filter>
128        </activity>
129
130        <service
130-->[com.onesignal:OneSignal:4.8.4] AndroidManifest.xml:81:9-83:40
131            android:name="com.onesignal.FCMIntentService"
131-->[com.onesignal:OneSignal:4.8.4] AndroidManifest.xml:82:13-58
132            android:exported="false" />
132-->[com.onesignal:OneSignal:4.8.4] AndroidManifest.xml:83:13-37
133        <service
133-->[com.onesignal:OneSignal:4.8.4] AndroidManifest.xml:84:9-87:72
134            android:name="com.onesignal.FCMIntentJobService"
134-->[com.onesignal:OneSignal:4.8.4] AndroidManifest.xml:85:13-61
135            android:exported="false"
135-->[com.onesignal:OneSignal:4.8.4] AndroidManifest.xml:86:13-37
136            android:permission="android.permission.BIND_JOB_SERVICE" />
136-->[com.onesignal:OneSignal:4.8.4] AndroidManifest.xml:87:13-69
137        <service
137-->[com.onesignal:OneSignal:4.8.4] AndroidManifest.xml:88:9-91:43
138            android:name="com.onesignal.SyncService"
138-->[com.onesignal:OneSignal:4.8.4] AndroidManifest.xml:89:13-53
139            android:exported="false"
139-->[com.onesignal:OneSignal:4.8.4] AndroidManifest.xml:90:13-37
140            android:stopWithTask="true" />
140-->[com.onesignal:OneSignal:4.8.4] AndroidManifest.xml:91:13-40
141        <service
141-->[com.onesignal:OneSignal:4.8.4] AndroidManifest.xml:92:9-95:72
142            android:name="com.onesignal.SyncJobService"
142-->[com.onesignal:OneSignal:4.8.4] AndroidManifest.xml:93:13-56
143            android:exported="false"
143-->[com.onesignal:OneSignal:4.8.4] AndroidManifest.xml:94:13-37
144            android:permission="android.permission.BIND_JOB_SERVICE" />
144-->[com.onesignal:OneSignal:4.8.4] AndroidManifest.xml:95:13-69
145
146        <activity
146-->[com.onesignal:OneSignal:4.8.4] AndroidManifest.xml:97:9-100:75
147            android:name="com.onesignal.PermissionsActivity"
147-->[com.onesignal:OneSignal:4.8.4] AndroidManifest.xml:98:13-61
148            android:exported="false"
148-->[com.onesignal:OneSignal:4.8.4] AndroidManifest.xml:99:13-37
149            android:theme="@android:style/Theme.Translucent.NoTitleBar" />
149-->[com.onesignal:OneSignal:4.8.4] AndroidManifest.xml:100:13-72
150
151        <receiver
151-->[com.onesignal:OneSignal:4.8.4] AndroidManifest.xml:102:9-104:39
152            android:name="com.onesignal.NotificationDismissReceiver"
152-->[com.onesignal:OneSignal:4.8.4] AndroidManifest.xml:103:13-69
153            android:exported="true" />
153-->[com.onesignal:OneSignal:4.8.4] AndroidManifest.xml:104:13-36
154        <receiver
154-->[com.onesignal:OneSignal:4.8.4] AndroidManifest.xml:105:9-112:20
155            android:name="com.onesignal.BootUpReceiver"
155-->[com.onesignal:OneSignal:4.8.4] AndroidManifest.xml:106:13-56
156            android:exported="true" >
156-->[com.onesignal:OneSignal:4.8.4] AndroidManifest.xml:107:13-36
157            <intent-filter>
157-->[com.onesignal:OneSignal:4.8.4] AndroidManifest.xml:108:13-111:29
158                <action android:name="android.intent.action.BOOT_COMPLETED" />
158-->[com.onesignal:OneSignal:4.8.4] AndroidManifest.xml:109:17-79
158-->[com.onesignal:OneSignal:4.8.4] AndroidManifest.xml:109:25-76
159                <action android:name="android.intent.action.QUICKBOOT_POWERON" />
159-->[com.onesignal:OneSignal:4.8.4] AndroidManifest.xml:110:17-82
159-->[com.onesignal:OneSignal:4.8.4] AndroidManifest.xml:110:25-79
160            </intent-filter>
161        </receiver>
162        <receiver
162-->[com.onesignal:OneSignal:4.8.4] AndroidManifest.xml:113:9-119:20
163            android:name="com.onesignal.UpgradeReceiver"
163-->[com.onesignal:OneSignal:4.8.4] AndroidManifest.xml:114:13-57
164            android:exported="true" >
164-->[com.onesignal:OneSignal:4.8.4] AndroidManifest.xml:115:13-36
165            <intent-filter>
165-->[com.onesignal:OneSignal:4.8.4] AndroidManifest.xml:116:13-118:29
166                <action android:name="android.intent.action.MY_PACKAGE_REPLACED" />
166-->[com.onesignal:OneSignal:4.8.4] AndroidManifest.xml:117:17-84
166-->[com.onesignal:OneSignal:4.8.4] AndroidManifest.xml:117:25-81
167            </intent-filter>
168        </receiver>
169
170        <activity
170-->[com.onesignal:OneSignal:4.8.4] AndroidManifest.xml:121:9-127:75
171            android:name="com.onesignal.NotificationOpenedReceiver"
171-->[com.onesignal:OneSignal:4.8.4] AndroidManifest.xml:122:13-68
172            android:excludeFromRecents="true"
172-->[com.onesignal:OneSignal:4.8.4] AndroidManifest.xml:123:13-46
173            android:exported="true"
173-->[com.onesignal:OneSignal:4.8.4] AndroidManifest.xml:124:13-36
174            android:noHistory="true"
174-->[com.onesignal:OneSignal:4.8.4] AndroidManifest.xml:125:13-37
175            android:taskAffinity=""
175-->[com.onesignal:OneSignal:4.8.4] AndroidManifest.xml:126:13-36
176            android:theme="@android:style/Theme.Translucent.NoTitleBar" />
176-->[com.onesignal:OneSignal:4.8.4] AndroidManifest.xml:127:13-72
177        <activity
177-->[com.onesignal:OneSignal:4.8.4] AndroidManifest.xml:128:9-133:75
178            android:name="com.onesignal.NotificationOpenedReceiverAndroid22AndOlder"
178-->[com.onesignal:OneSignal:4.8.4] AndroidManifest.xml:129:13-85
179            android:excludeFromRecents="true"
179-->[com.onesignal:OneSignal:4.8.4] AndroidManifest.xml:130:13-46
180            android:exported="true"
180-->[com.onesignal:OneSignal:4.8.4] AndroidManifest.xml:131:13-36
181            android:noHistory="true"
181-->[com.onesignal:OneSignal:4.8.4] AndroidManifest.xml:132:13-37
182            android:theme="@android:style/Theme.Translucent.NoTitleBar" />
182-->[com.onesignal:OneSignal:4.8.4] AndroidManifest.xml:133:13-72
183
184        <meta-data
184-->[com.github.AnchorFreePartner.hydra-sdk-android:openvpn:3.4.17] AndroidManifest.xml:12:9-14:58
185            android:name="com.anchorfree.vpnsdk.vpn_config.openvpn"
185-->[com.github.AnchorFreePartner.hydra-sdk-android:openvpn:3.4.17] AndroidManifest.xml:13:13-68
186            android:resource="@raw/openvpn_vpn_config" />
186-->[com.github.AnchorFreePartner.hydra-sdk-android:openvpn:3.4.17] AndroidManifest.xml:14:13-55
187        <meta-data
187-->[com.github.AnchorFreePartner.hydra-sdk-android:sdk:3.6.3] AndroidManifest.xml:10:9-12:63
188            android:name="com.anchorfree.sdk.transports"
188-->[com.github.AnchorFreePartner.hydra-sdk-android:sdk:3.6.3] AndroidManifest.xml:11:13-57
189            android:resource="@raw/hydra_transports_config" />
189-->[com.github.AnchorFreePartner.hydra-sdk-android:sdk:3.6.3] AndroidManifest.xml:12:13-60
190        <meta-data
190-->[com.github.AnchorFreePartner.hydra-sdk-android:hydra:3.6.3] AndroidManifest.xml:10:9-12:56
191            android:name="com.anchorfree.vpnsdk.vpn_config.hydra"
191-->[com.github.AnchorFreePartner.hydra-sdk-android:hydra:3.6.3] AndroidManifest.xml:11:13-66
192            android:resource="@raw/hydra_vpn_config" />
192-->[com.github.AnchorFreePartner.hydra-sdk-android:hydra:3.6.3] AndroidManifest.xml:12:13-53
193
194        <provider
194-->[com.github.AnchorFreePartner.hydra-sdk-android:hydra:3.6.3] AndroidManifest.xml:14:9-18:37
195            android:name="com.anchorfree.sdk.HydraTransportInitProvider"
195-->[com.github.AnchorFreePartner.hydra-sdk-android:hydra:3.6.3] AndroidManifest.xml:15:13-73
196            android:authorities="com.taskcombo.unirty.sdk.transport.hydra"
196-->[com.github.AnchorFreePartner.hydra-sdk-android:hydra:3.6.3] AndroidManifest.xml:16:13-71
197            android:exported="false"
197-->[com.github.AnchorFreePartner.hydra-sdk-android:hydra:3.6.3] AndroidManifest.xml:17:13-37
198            android:initOrder="1" />
198-->[com.github.AnchorFreePartner.hydra-sdk-android:hydra:3.6.3] AndroidManifest.xml:18:13-34
199        <provider
199-->[com.github.AnchorFreePartner.hydra-sdk-android:sdk-core:3.6.3] AndroidManifest.xml:18:9-22:37
200            android:name="com.anchorfree.sdk.DBProvider"
200-->[com.github.AnchorFreePartner.hydra-sdk-android:sdk-core:3.6.3] AndroidManifest.xml:19:13-57
201            android:authorities="com.taskcombo.unirty.hydra.sdk.db.provider"
201-->[com.github.AnchorFreePartner.hydra-sdk-android:sdk-core:3.6.3] AndroidManifest.xml:20:13-73
202            android:exported="false"
202-->[com.github.AnchorFreePartner.hydra-sdk-android:sdk-core:3.6.3] AndroidManifest.xml:21:13-37
203            android:initOrder="1" />
203-->[com.github.AnchorFreePartner.hydra-sdk-android:sdk-core:3.6.3] AndroidManifest.xml:22:13-34
204
205        <meta-data
205-->[com.github.AnchorFreePartner.hydra-sdk-android:sdk-core:3.6.3] AndroidManifest.xml:24:9-26:55
206            android:name="com.anchorfree.vpnsdk.vpn_config"
206-->[com.github.AnchorFreePartner.hydra-sdk-android:sdk-core:3.6.3] AndroidManifest.xml:25:13-60
207            android:resource="@raw/core_vpn_config" />
207-->[com.github.AnchorFreePartner.hydra-sdk-android:sdk-core:3.6.3] AndroidManifest.xml:26:13-52
208
209        <provider
209-->[com.github.AnchorFreePartner.hydra-sdk-android:sdk-core:3.6.3] AndroidManifest.xml:28:9-32:39
210            android:name="com.anchorfree.sdk.UnifiedSDKInitProviderMain"
210-->[com.github.AnchorFreePartner.hydra-sdk-android:sdk-core:3.6.3] AndroidManifest.xml:29:13-73
211            android:authorities="com.taskcombo.unirty.anchorfree.sdk.init.provider"
211-->[com.github.AnchorFreePartner.hydra-sdk-android:sdk-core:3.6.3] AndroidManifest.xml:30:13-80
212            android:exported="false"
212-->[com.github.AnchorFreePartner.hydra-sdk-android:sdk-core:3.6.3] AndroidManifest.xml:31:13-37
213            android:initOrder="100" />
213-->[com.github.AnchorFreePartner.hydra-sdk-android:sdk-core:3.6.3] AndroidManifest.xml:32:13-36
214        <provider
214-->[com.github.AnchorFreePartner.hydra-sdk-android:sdk-core:3.6.3] AndroidManifest.xml:33:9-38:58
215            android:name="com.anchorfree.sdk.UnifiedSDKInitProviderVpn"
215-->[com.github.AnchorFreePartner.hydra-sdk-android:sdk-core:3.6.3] AndroidManifest.xml:34:13-72
216            android:authorities="com.taskcombo.unirty.anchorfree.sdk.init.provider.vpn"
216-->[com.github.AnchorFreePartner.hydra-sdk-android:sdk-core:3.6.3] AndroidManifest.xml:35:13-84
217            android:exported="false"
217-->[com.github.AnchorFreePartner.hydra-sdk-android:sdk-core:3.6.3] AndroidManifest.xml:36:13-37
218            android:initOrder="100"
218-->[com.github.AnchorFreePartner.hydra-sdk-android:sdk-core:3.6.3] AndroidManifest.xml:37:13-36
219            android:process="@string/vpn_process_name" />
219-->[com.github.AnchorFreePartner.hydra-sdk-android:sdk-core:3.6.3] AndroidManifest.xml:38:13-55
220
221        <service
221-->[com.github.AnchorFree.hydra-vpn-android:hydratransport:06bcfa7] AndroidManifest.xml:10:9-13:19
222            android:name="com.anchorfree.vpnsdk.transporthydra.proxyservice.HydraProxyService"
222-->[com.github.AnchorFree.hydra-vpn-android:hydratransport:06bcfa7] AndroidManifest.xml:11:13-95
223            android:permission="android.permission.BIND_VPN_SERVICE" >
223-->[com.github.AnchorFree.hydra-vpn-android:hydratransport:06bcfa7] AndroidManifest.xml:12:13-69
224        </service>
225        <service
225-->[com.github.AnchorFreePartner.hydra-sdk-android:sdk-notifications:3.6.3] AndroidManifest.xml:10:9-13:58
226            android:name="com.anchorfree.sdk.SdkNotificationService"
226-->[com.github.AnchorFreePartner.hydra-sdk-android:sdk-notifications:3.6.3] AndroidManifest.xml:11:13-69
227            android:exported="false"
227-->[com.github.AnchorFreePartner.hydra-sdk-android:sdk-notifications:3.6.3] AndroidManifest.xml:12:13-37
228            android:process="@string/vpn_process_name" />
228-->[com.github.AnchorFreePartner.hydra-sdk-android:sdk-notifications:3.6.3] AndroidManifest.xml:13:13-55
229
230        <provider
230-->[com.github.AnchorFreePartner.hydra-sdk-android:ucr-analytics:3.6.3] AndroidManifest.xml:13:9-19:20
231            android:name="com.anchorfree.ucr.UCRContentProvider"
231-->[com.github.AnchorFreePartner.hydra-sdk-android:ucr-analytics:3.6.3] AndroidManifest.xml:14:13-65
232            android:authorities="com.taskcombo.unirty.ucr.provider"
232-->[com.github.AnchorFreePartner.hydra-sdk-android:ucr-analytics:3.6.3] AndroidManifest.xml:15:13-64
233            android:enabled="true"
233-->[com.github.AnchorFreePartner.hydra-sdk-android:ucr-analytics:3.6.3] AndroidManifest.xml:16:13-35
234            android:exported="false"
234-->[com.github.AnchorFreePartner.hydra-sdk-android:ucr-analytics:3.6.3] AndroidManifest.xml:17:13-37
235            android:multiprocess="false" >
235-->[com.github.AnchorFreePartner.hydra-sdk-android:ucr-analytics:3.6.3] AndroidManifest.xml:18:13-41
236        </provider>
237
238        <service
238-->[com.github.AnchorFreePartner.hydra-sdk-android:ucr-analytics:3.6.3] AndroidManifest.xml:21:9-25:19
239            android:name="com.anchorfree.ucr.UCRService"
239-->[com.github.AnchorFreePartner.hydra-sdk-android:ucr-analytics:3.6.3] AndroidManifest.xml:22:13-57
240            android:enabled="true"
240-->[com.github.AnchorFreePartner.hydra-sdk-android:ucr-analytics:3.6.3] AndroidManifest.xml:23:13-35
241            android:exported="false" >
241-->[com.github.AnchorFreePartner.hydra-sdk-android:ucr-analytics:3.6.3] AndroidManifest.xml:24:13-37
242        </service>
243
244        <activity
244-->[com.github.AnchorFree.hydra-vpn-android:corevpn:06bcfa7] AndroidManifest.xml:14:9-20:75
245            android:name="com.anchorfree.vpnsdk.vpnservice.StartVPNServiceShadowActivity"
245-->[com.github.AnchorFree.hydra-vpn-android:corevpn:06bcfa7] AndroidManifest.xml:15:13-90
246            android:exported="false"
246-->[com.github.AnchorFree.hydra-vpn-android:corevpn:06bcfa7] AndroidManifest.xml:16:13-37
247            android:label="@string/app_name"
247-->[com.github.AnchorFree.hydra-vpn-android:corevpn:06bcfa7] AndroidManifest.xml:17:13-45
248            android:launchMode="singleTask"
248-->[com.github.AnchorFree.hydra-vpn-android:corevpn:06bcfa7] AndroidManifest.xml:18:13-44
249            android:process="@string/vpn_process_name"
249-->[com.github.AnchorFree.hydra-vpn-android:corevpn:06bcfa7] AndroidManifest.xml:19:13-55
250            android:theme="@android:style/Theme.Translucent.NoTitleBar" />
250-->[com.github.AnchorFree.hydra-vpn-android:corevpn:06bcfa7] AndroidManifest.xml:20:13-72
251
252        <provider
252-->[com.github.AnchorFree.hydra-vpn-android:corevpn:06bcfa7] AndroidManifest.xml:22:9-25:40
253            android:name="com.anchorfree.vpnsdk.vpnservice.config.VpnConfigProvider"
253-->[com.github.AnchorFree.hydra-vpn-android:corevpn:06bcfa7] AndroidManifest.xml:23:13-85
254            android:authorities="com.taskcombo.unirty.vpn_config"
254-->[com.github.AnchorFree.hydra-vpn-android:corevpn:06bcfa7] AndroidManifest.xml:24:13-62
255            android:exported="false" />
255-->[com.github.AnchorFree.hydra-vpn-android:corevpn:06bcfa7] AndroidManifest.xml:25:13-37
256        <provider
256-->[com.github.AnchorFree.hydra-vpn-android:corevpn:06bcfa7] AndroidManifest.xml:26:9-29:40
257            android:name="com.anchorfree.vpnsdk.vpnservice.credentials.CredentialsContentProvider"
257-->[com.github.AnchorFree.hydra-vpn-android:corevpn:06bcfa7] AndroidManifest.xml:27:13-99
258            android:authorities="com.taskcombo.unirty.credentials"
258-->[com.github.AnchorFree.hydra-vpn-android:corevpn:06bcfa7] AndroidManifest.xml:28:13-63
259            android:exported="false" />
259-->[com.github.AnchorFree.hydra-vpn-android:corevpn:06bcfa7] AndroidManifest.xml:29:13-37
260
261        <service